####################################################################################################
TestCifar10Model.test_part2_relu_cel_k3: 02/17/2021 13:37:54
####################################################################################################
Files already downloaded and verified
Files already downloaded and verified
Learning Rate: 0.001
Activation:    ReLU()
Loss Function: CrossEntropyLoss()
Batch Size:    4
Test  Samples: 10000
Train Samples: 50000
Epochs:        30

Epoch 1/30 ------------------------------------------------------------------------------------------
               Accuracy             Error                Loss        
 Train:         10.63%              89.37%               2.31        
  Test:         17.72%              82.28%               2.31        
 plane      car      bird       cat      deer       dog      frog      horse     ship      truck    
 78.70%    0.10%     0.00%     0.00%     43.80%    0.00%     0.00%     1.00%     4.70%     48.90%   

Epoch 2/30 ------------------------------------------------------------------------------------------
               Accuracy             Error                Loss        
 Train:         20.77%              79.23%               2.17        
  Test:         26.77%              73.23%               2.00        
 plane      car      bird       cat      deer       dog      frog      horse     ship      truck    
 39.30%    35.60%    0.00%     18.80%    0.00%     11.90%    70.50%    25.10%    34.10%    32.40%   

Epoch 3/30 ------------------------------------------------------------------------------------------
               Accuracy             Error                Loss        
 Train:         30.84%              69.16%               2.55        
  Test:         36.17%              63.83%               1.69        
 plane      car      bird       cat      deer       dog      frog      horse     ship      truck    
 44.40%    35.70%    8.20%     12.50%    29.30%    45.70%    58.40%    50.80%    22.10%    54.60%   

Epoch 4/30 ------------------------------------------------------------------------------------------
               Accuracy             Error                Loss        
 Train:         40.19%              59.81%               0.89        
  Test:         43.58%              56.42%               1.33        
 plane      car      bird       cat      deer       dog      frog      horse     ship      truck    
 43.40%    60.40%    31.20%    22.70%    23.90%    41.40%    63.50%    52.10%    58.30%    38.90%   

Epoch 5/30 ------------------------------------------------------------------------------------------
               Accuracy             Error                Loss        
 Train:         45.09%              54.91%               0.91        
  Test:         46.94%              53.06%               1.27        
 plane      car      bird       cat      deer       dog      frog      horse     ship      truck    
 44.00%    56.70%    37.00%    43.80%    30.70%    32.60%    54.40%    54.90%    73.30%    42.00%   

Epoch 6/30 ------------------------------------------------------------------------------------------
               Accuracy             Error                Loss        
 Train:         48.82%              51.18%               0.97        
  Test:         49.02%              50.98%               0.84        
 plane      car      bird       cat      deer       dog      frog      horse     ship      truck    
 63.40%    78.50%    32.60%    45.90%    31.60%    17.90%    55.00%    58.20%    52.30%    54.80%   

Epoch 7/30 ------------------------------------------------------------------------------------------
               Accuracy             Error                Loss        
 Train:         51.72%              48.28%               1.52        
  Test:         51.87%              48.13%               0.65        
 plane      car      bird       cat      deer       dog      frog      horse     ship      truck    
 52.50%    55.60%    34.70%    39.90%    18.40%    47.40%    70.70%    53.00%    70.40%    76.10%   

Epoch 8/30 ------------------------------------------------------------------------------------------
               Accuracy             Error                Loss        
 Train:         54.07%              45.93%               1.02        
  Test:         55.42%              44.58%               0.89        
 plane      car      bird       cat      deer       dog      frog      horse     ship      truck    
 69.10%    75.40%    40.20%    26.60%    51.30%    39.50%    69.60%    61.60%    62.80%    58.10%   

Epoch 9/30 ------------------------------------------------------------------------------------------
               Accuracy             Error                Loss        
 Train:         56.27%              43.73%               1.83        
  Test:         55.52%              44.48%               0.95        
 plane      car      bird       cat      deer       dog      frog      horse     ship      truck    
 49.00%    70.60%    54.20%    43.20%    48.50%    32.50%    68.00%    56.50%    82.70%    50.00%   

Epoch 10/30 ------------------------------------------------------------------------------------------
               Accuracy             Error                Loss        
 Train:         57.97%              42.03%               0.82        
  Test:         57.23%              42.77%               0.68        
 plane      car      bird       cat      deer       dog      frog      horse     ship      truck    
 52.60%    60.10%    33.70%    31.20%    44.50%    53.50%    73.30%    66.30%    78.10%    79.00%   

Epoch 11/30 ------------------------------------------------------------------------------------------
               Accuracy             Error                Loss        
 Train:         59.52%              40.48%               0.68        
  Test:         59.04%              40.96%               1.06        
 plane      car      bird       cat      deer       dog      frog      horse     ship      truck    
 60.30%    68.10%    44.40%    40.00%    64.90%    53.80%    67.70%    59.50%    67.50%    64.20%   

Epoch 12/30 ------------------------------------------------------------------------------------------
               Accuracy             Error                Loss        
 Train:         60.78%              39.22%               1.15        
  Test:         59.73%              40.27%               0.54        
 plane      car      bird       cat      deer       dog      frog      horse     ship      truck    
 72.70%    72.30%    55.60%    41.70%    36.50%    47.20%    71.30%    63.20%    66.40%    70.40%   

Epoch 13/30 ------------------------------------------------------------------------------------------
               Accuracy             Error                Loss        
 Train:         62.07%              37.93%               1.25        
  Test:         60.79%              39.21%               0.52        
 plane      car      bird       cat      deer       dog      frog      horse     ship      truck    
 68.90%    79.80%    30.90%    48.20%    49.30%    55.50%    68.30%    69.10%    71.90%    66.00%   

Epoch 14/30 ------------------------------------------------------------------------------------------
               Accuracy             Error                Loss        
 Train:         63.21%              36.79%               2.51        
  Test:         61.62%              38.38%               0.76        
 plane      car      bird       cat      deer       dog      frog      horse     ship      truck    
 67.60%    67.60%    44.00%    42.40%    43.90%    52.50%    78.30%    68.70%    79.40%    71.80%   

Epoch 15/30 ------------------------------------------------------------------------------------------
               Accuracy             Error                Loss        
 Train:         64.23%              35.77%               1.38        
  Test:         61.64%              38.36%               1.06        
 plane      car      bird       cat      deer       dog      frog      horse     ship      truck    
 70.80%    75.80%    56.50%    39.90%    60.90%    45.20%    73.90%    61.10%    75.90%    56.40%   

Epoch 16/30 ------------------------------------------------------------------------------------------
               Accuracy             Error                Loss        
 Train:         65.19%              34.81%               0.83        
  Test:         62.24%              37.76%               1.03        
 plane      car      bird       cat      deer       dog      frog      horse     ship      truck    
 76.50%    59.60%    44.40%    31.60%    65.70%    56.80%    73.60%    67.40%    72.80%    74.00%   

Epoch 17/30 ------------------------------------------------------------------------------------------
               Accuracy             Error                Loss        
 Train:         66.00%              34.00%               0.72        
  Test:         63.09%              36.91%               0.43        
 plane      car      bird       cat      deer       dog      frog      horse     ship      truck    
 76.40%    79.20%    37.30%    37.50%    53.10%    63.20%    73.40%    64.20%    75.20%    71.40%   

Epoch 18/30 ------------------------------------------------------------------------------------------
               Accuracy             Error                Loss        
 Train:         66.91%              33.09%               1.46        
  Test:         62.91%              37.09%               0.77        
 plane      car      bird       cat      deer       dog      frog      horse     ship      truck    
 73.80%    82.50%    33.70%    26.50%    68.90%    56.90%    77.40%    66.60%    74.90%    67.90%   

Epoch 19/30 ------------------------------------------------------------------------------------------
               Accuracy             Error                Loss        
 Train:         67.74%              32.26%               1.50        
  Test:         63.45%              36.55%               0.94        
 plane      car      bird       cat      deer       dog      frog      horse     ship      truck    
 64.30%    81.20%    48.50%    36.80%    62.50%    62.00%    61.70%    70.20%    76.60%    70.70%   

Epoch 20/30 ------------------------------------------------------------------------------------------
               Accuracy             Error                Loss        
 Train:         68.46%              31.54%               0.42        
  Test:         64.71%              35.29%               0.53        
 plane      car      bird       cat      deer       dog      frog      horse     ship      truck    
 69.80%    83.80%    51.80%    47.50%    52.20%    53.90%    74.90%    68.00%    77.00%    68.20%   

Epoch 21/30 ------------------------------------------------------------------------------------------
               Accuracy             Error                Loss        
 Train:         69.36%              30.64%               0.68        
  Test:         64.94%              35.06%               0.74        
 plane      car      bird       cat      deer       dog      frog      horse     ship      truck    
 73.00%    78.40%    48.40%    38.10%    54.40%    57.20%    79.70%    72.50%    73.10%    74.60%   

Epoch 22/30 ------------------------------------------------------------------------------------------
               Accuracy             Error                Loss        
 Train:         70.01%              29.99%               0.09        
  Test:         64.72%              35.28%               0.72        
 plane      car      bird       cat      deer       dog      frog      horse     ship      truck    
 73.70%    80.60%    47.20%    44.10%    62.60%    59.20%    74.80%    64.50%    77.50%    63.00%   

Epoch 23/30 ------------------------------------------------------------------------------------------
               Accuracy             Error                Loss        
 Train:         70.80%              29.20%               1.37        
  Test:         64.21%              35.79%               1.03        
 plane      car      bird       cat      deer       dog      frog      horse     ship      truck    
 75.30%    71.50%    64.90%    43.10%    47.10%    47.30%    72.80%    70.60%    78.00%    71.50%   

Epoch 24/30 ------------------------------------------------------------------------------------------
               Accuracy             Error                Loss        
 Train:         71.40%              28.60%               1.26        
  Test:         63.61%              36.39%               0.85        
 plane      car      bird       cat      deer       dog      frog      horse     ship      truck    
 63.20%    76.40%    36.80%    36.30%    66.50%    57.50%    83.20%    58.60%    78.70%    78.90%   

Epoch 25/30 ------------------------------------------------------------------------------------------
               Accuracy             Error                Loss        
 Train:         72.22%              27.78%               1.35        
  Test:         63.78%              36.22%               0.83        
 plane      car      bird       cat      deer       dog      frog      horse     ship      truck    
 59.90%    69.30%    54.10%    32.60%    74.30%    59.40%    64.70%    69.40%    82.20%    71.90%   

Epoch 26/30 ------------------------------------------------------------------------------------------
               Accuracy             Error                Loss        
 Train:         72.91%              27.09%               1.69        
  Test:         64.35%              35.65%               0.58        
 plane      car      bird       cat      deer       dog      frog      horse     ship      truck    
 72.50%    82.10%    56.60%    49.60%    49.00%    52.20%    77.10%    64.10%    76.70%    63.60%   

Epoch 27/30 ------------------------------------------------------------------------------------------
               Accuracy             Error                Loss        
 Train:         73.70%              26.30%               0.13        
  Test:         65.13%              34.87%               1.55        
 plane      car      bird       cat      deer       dog      frog      horse     ship      truck    
 74.00%    75.20%    51.10%    39.50%    65.00%    57.00%    75.00%    72.80%    77.00%    64.70%   

Epoch 28/30 ------------------------------------------------------------------------------------------
               Accuracy             Error                Loss        
 Train:         74.25%              25.75%               0.40        
  Test:         64.59%              35.41%               0.52        
 plane      car      bird       cat      deer       dog      frog      horse     ship      truck    
 69.00%    84.50%    57.60%    47.90%    55.30%    61.50%    66.70%    63.70%    79.90%    59.80%   

Epoch 29/30 ------------------------------------------------------------------------------------------
               Accuracy             Error                Loss        
 Train:         74.85%              25.15%               0.42        
  Test:         65.16%              34.84%               0.89        
 plane      car      bird       cat      deer       dog      frog      horse     ship      truck    
 78.80%    75.70%    47.90%    49.90%    55.50%    50.30%    77.40%    75.90%    70.00%    70.20%   

Epoch 30/30 ------------------------------------------------------------------------------------------
               Accuracy             Error                Loss        
 Train:         75.65%              24.35%               0.54        
  Test:         65.02%              34.98%               0.87        
 plane      car      bird       cat      deer       dog      frog      horse     ship      truck    
 63.50%    76.20%    56.10%    52.60%    50.10%    49.20%    72.00%    75.50%    84.30%    70.70%   
Time taken: 0:17:49.092880 Elapsed