####################################################################################################
TestCifar10Model.test_part3_5cnn: 02/17/2021 14:30:07
####################################################################################################
Files already downloaded and verified
Files already downloaded and verified
Learning Rate: 0.001
Activation:    ReLU()
Loss Function: NLLLoss()
Batch Size:    100
Batch Scalar:  10
Test  Samples: 10000
Train Samples: 50000
Epochs:        30

Epoch 1/30 ------------------------------------------------------------------------------------------
               Accuracy             Error                Loss        
 Train:         39.58%              60.42%               1.33        
  Test:         46.99%              53.01%               1.38        
 plane      car      bird       cat      deer       dog      frog      horse     ship      truck    
 60.90%    36.90%    42.50%    43.90%    35.80%    48.90%    73.30%    36.40%    47.50%    43.80%   

Epoch 2/30 ------------------------------------------------------------------------------------------
               Accuracy             Error                Loss        
 Train:         54.87%              45.13%               1.15        
  Test:         59.80%              40.20%               1.03        
 plane      car      bird       cat      deer       dog      frog      horse     ship      truck    
 61.80%    84.00%    39.70%    14.60%    49.00%    74.90%    56.90%    73.70%    76.50%    66.90%   

Epoch 3/30 ------------------------------------------------------------------------------------------
               Accuracy             Error                Loss        
 Train:         61.33%              38.67%               1.00        
  Test:         66.82%              33.18%               1.08        
 plane      car      bird       cat      deer       dog      frog      horse     ship      truck    
 67.30%    77.30%    42.60%    50.20%    57.80%    49.20%    84.20%    73.30%    88.50%    77.80%   

Epoch 4/30 ------------------------------------------------------------------------------------------
               Accuracy             Error                Loss        
 Train:         65.80%              34.20%               1.04        
  Test:         67.34%              32.66%               0.87        
 plane      car      bird       cat      deer       dog      frog      horse     ship      truck    
 55.80%    83.90%    44.60%    55.30%    56.30%    69.50%    77.20%    67.00%    76.90%    86.90%   

Epoch 5/30 ------------------------------------------------------------------------------------------
               Accuracy             Error                Loss        
 Train:         68.78%              31.22%               0.80        
  Test:         71.49%              28.51%               0.69        
 plane      car      bird       cat      deer       dog      frog      horse     ship      truck    
 70.40%    75.20%    62.60%    55.80%    75.00%    58.90%    77.00%    71.90%    87.20%    80.90%   

Epoch 6/30 ------------------------------------------------------------------------------------------
               Accuracy             Error                Loss        
 Train:         70.85%              29.15%               0.87        
  Test:         72.29%              27.71%               0.65        
 plane      car      bird       cat      deer       dog      frog      horse     ship      truck    
 78.30%    86.30%    72.40%    53.40%    65.00%    59.10%    77.90%    73.80%    82.60%    74.10%   

Epoch 7/30 ------------------------------------------------------------------------------------------
               Accuracy             Error                Loss        
 Train:         72.60%              27.40%               0.78        
  Test:         74.01%              25.99%               0.59        
 plane      car      bird       cat      deer       dog      frog      horse     ship      truck    
 76.00%    90.10%    65.90%    45.70%    72.30%    68.50%    71.30%    84.90%    89.70%    75.70%   

Epoch 8/30 ------------------------------------------------------------------------------------------
               Accuracy             Error                Loss        
 Train:         73.70%              26.30%               0.78        
  Test:         73.39%              26.61%               0.83        
 plane      car      bird       cat      deer       dog      frog      horse     ship      truck    
 78.60%    89.20%    61.30%    49.00%    82.70%    46.70%    70.80%    83.10%    91.80%    80.70%   

Epoch 9/30 ------------------------------------------------------------------------------------------
               Accuracy             Error                Loss        
 Train:         75.00%              25.00%               0.70        
  Test:         76.10%              23.90%               0.62        
 plane      car      bird       cat      deer       dog      frog      horse     ship      truck    
 85.40%    88.10%    58.50%    55.00%    72.70%    72.30%    79.90%    84.10%    79.60%    85.40%   

Epoch 10/30 ------------------------------------------------------------------------------------------
               Accuracy             Error                Loss        
 Train:         76.08%              23.92%               0.59        
  Test:         75.68%              24.32%               0.61        
 plane      car      bird       cat      deer       dog      frog      horse     ship      truck    
 78.20%    94.00%    63.10%    55.40%    75.00%    61.70%    84.90%    75.40%    80.40%    88.70%   

Epoch 11/30 ------------------------------------------------------------------------------------------
               Accuracy             Error                Loss        
 Train:         77.19%              22.81%               0.64        
  Test:         75.99%              24.01%               0.71        
 plane      car      bird       cat      deer       dog      frog      horse     ship      truck    
 75.70%    84.40%    64.10%    55.00%    86.00%    55.30%    81.60%    84.90%    93.40%    79.50%   

Epoch 12/30 ------------------------------------------------------------------------------------------
               Accuracy             Error                Loss        
 Train:         77.57%              22.43%               0.61        
  Test:         78.44%              21.56%               0.66        
 plane      car      bird       cat      deer       dog      frog      horse     ship      truck    
 85.90%    88.50%    68.80%    63.10%    72.40%    69.90%    79.00%    80.10%    88.30%    88.40%   

Epoch 13/30 ------------------------------------------------------------------------------------------
               Accuracy             Error                Loss        
 Train:         78.54%              21.46%               0.64        
  Test:         77.63%              22.37%               0.92        
 plane      car      bird       cat      deer       dog      frog      horse     ship      truck    
 80.00%    89.10%    74.70%    58.00%    69.60%    58.80%    88.70%    76.70%    92.80%    87.90%   

Epoch 14/30 ------------------------------------------------------------------------------------------
               Accuracy             Error                Loss        
 Train:         79.09%              20.91%               0.61        
  Test:         79.06%              20.94%               0.51        
 plane      car      bird       cat      deer       dog      frog      horse     ship      truck    
 78.30%    93.10%    71.70%    69.30%    75.50%    69.90%    70.10%    88.60%    88.60%    85.50%   

Epoch 15/30 ------------------------------------------------------------------------------------------
               Accuracy             Error                Loss        
 Train:         79.27%              20.73%               0.59        
  Test:         79.22%              20.78%               0.55        
 plane      car      bird       cat      deer       dog      frog      horse     ship      truck    
 80.00%    92.20%    60.30%    55.10%    81.90%    71.60%    81.40%    88.20%    92.80%    88.70%   

Epoch 16/30 ------------------------------------------------------------------------------------------
               Accuracy             Error                Loss        
 Train:         80.00%              20.00%               0.60        
  Test:         80.64%              19.36%               0.62        
 plane      car      bird       cat      deer       dog      frog      horse     ship      truck    
 79.60%    87.10%    67.30%    63.20%    81.30%    75.00%    84.50%    85.60%    91.70%    91.10%   

Epoch 17/30 ------------------------------------------------------------------------------------------
               Accuracy             Error                Loss        
 Train:         80.02%              19.98%               0.60        
  Test:         79.46%              20.54%               0.59        
 plane      car      bird       cat      deer       dog      frog      horse     ship      truck    
 88.00%    90.90%    62.50%    73.60%    84.40%    61.60%    76.60%    85.70%    85.20%    86.10%   

Epoch 18/30 ------------------------------------------------------------------------------------------
               Accuracy             Error                Loss        
 Train:         80.64%              19.36%               0.57        
  Test:         80.95%              19.05%               0.58        
 plane      car      bird       cat      deer       dog      frog      horse     ship      truck    
 81.00%    91.10%    74.90%    57.70%    72.50%    76.70%    89.50%    84.90%    91.00%    90.20%   

Epoch 19/30 ------------------------------------------------------------------------------------------
               Accuracy             Error                Loss        
 Train:         81.07%              18.93%               0.53        
  Test:         80.98%              19.02%               0.65        
 plane      car      bird       cat      deer       dog      frog      horse     ship      truck    
 89.50%    93.10%    69.50%    57.30%    77.70%    73.50%    84.50%    90.70%    88.50%    85.50%   

Epoch 20/30 ------------------------------------------------------------------------------------------
               Accuracy             Error                Loss        
 Train:         81.45%              18.55%               0.51        
  Test:         80.47%              19.53%               0.63        
 plane      car      bird       cat      deer       dog      frog      horse     ship      truck    
 86.00%    90.40%    75.10%    59.90%    74.40%    75.50%    91.50%    80.60%    90.40%    80.90%   

Epoch 21/30 ------------------------------------------------------------------------------------------
               Accuracy             Error                Loss        
 Train:         81.89%              18.11%               0.58        
  Test:         81.61%              18.39%               0.36        
 plane      car      bird       cat      deer       dog      frog      horse     ship      truck    
 80.60%    91.70%    72.50%    61.80%    86.60%    71.80%    86.00%    83.90%    91.90%    89.30%   

Epoch 22/30 ------------------------------------------------------------------------------------------
               Accuracy             Error                Loss        
 Train:         82.30%              17.70%               0.52        
  Test:         81.46%              18.54%               0.47        
 plane      car      bird       cat      deer       dog      frog      horse     ship      truck    
 83.10%    93.00%    65.80%    63.60%    86.30%    77.50%    83.40%    84.60%    89.30%    88.00%   

Epoch 23/30 ------------------------------------------------------------------------------------------
               Accuracy             Error                Loss        
 Train:         82.57%              17.43%               0.50        
  Test:         80.19%              19.81%               0.72        
 plane      car      bird       cat      deer       dog      frog      horse     ship      truck    
 80.20%    93.40%    67.60%    62.70%    81.00%    85.10%    78.40%    78.60%    87.60%    87.30%   

Epoch 24/30 ------------------------------------------------------------------------------------------
               Accuracy             Error                Loss        
 Train:         82.84%              17.16%               0.49        
  Test:         81.59%              18.41%               0.63        
 plane      car      bird       cat      deer       dog      frog      horse     ship      truck    
 83.40%    91.30%    75.30%    64.40%    76.70%    81.70%    84.60%    86.70%    86.30%    85.50%   

Epoch 25/30 ------------------------------------------------------------------------------------------
               Accuracy             Error                Loss        
 Train:         83.13%              16.87%               0.50        
  Test:         81.82%              18.18%               0.46        
 plane      car      bird       cat      deer       dog      frog      horse     ship      truck    
 86.10%    91.00%    80.50%    71.50%    83.80%    69.40%    81.30%    78.80%    89.70%    86.10%   

Epoch 26/30 ------------------------------------------------------------------------------------------
               Accuracy             Error                Loss        
 Train:         83.19%              16.81%               0.48        
  Test:         82.56%              17.44%               0.52        
 plane      car      bird       cat      deer       dog      frog      horse     ship      truck    
 87.20%    91.20%    76.40%    63.50%    82.60%    75.80%    89.70%    80.50%    89.60%    89.10%   

Epoch 27/30 ------------------------------------------------------------------------------------------
               Accuracy             Error                Loss        
 Train:         83.30%              16.70%               0.46        
  Test:         82.28%              17.72%               0.65        
 plane      car      bird       cat      deer       dog      frog      horse     ship      truck    
 79.60%    89.60%    74.10%    61.00%    85.00%    77.40%    85.10%    88.30%    90.50%    92.20%   

Epoch 28/30 ------------------------------------------------------------------------------------------
               Accuracy             Error                Loss        
 Train:         83.75%              16.25%               0.43        
  Test:         82.38%              17.62%               0.60        
 plane      car      bird       cat      deer       dog      frog      horse     ship      truck    
 84.00%    89.60%    64.50%    65.80%    81.50%    77.30%    90.40%    89.00%    89.30%    92.40%   

Epoch 29/30 ------------------------------------------------------------------------------------------
               Accuracy             Error                Loss        
 Train:         83.90%              16.10%               0.47        
  Test:         82.91%              17.09%               0.47        
 plane      car      bird       cat      deer       dog      frog      horse     ship      truck    
 83.00%    92.30%    82.20%    65.40%    85.20%    75.20%    86.10%    82.70%    87.70%    89.30%   

Epoch 30/30 ------------------------------------------------------------------------------------------
               Accuracy             Error                Loss        
 Train:         84.16%              15.84%               0.47        
  Test:         83.10%              16.90%               0.56        
 plane      car      bird       cat      deer       dog      frog      horse     ship      truck    
 83.70%    92.50%    76.40%    66.50%    80.10%    74.70%    92.60%    84.70%    91.90%    87.90%   

Time taken: 0:08:04.733747 Elapsed